<?xml version="1.0" encoding="UTF-8"?>
<testsuite xmlns:xsi="http://www.w3.org/2001/XMLSchema-instance" xsi:schemaLocation="https://maven.apache.org/surefire/maven-surefire-plugin/xsd/surefire-test-report.xsd" name="br.com.aprendaSeleniumComThiago.test.TestSimpleBasicForm" time="15.788" tests="5" errors="0" skipped="0" failures="1">
  <properties>
    <property name="java.runtime.name" value="Java(TM) SE Runtime Environment"/>
    <property name="sun.boot.library.path" value="/home/local/CONDUCTOR/thiago.freire/dev/programas/jdk1.8.0_151/jre/lib/amd64"/>
    <property name="java.vm.version" value="25.151-b12"/>
    <property name="java.vm.vendor" value="Oracle Corporation"/>
    <property name="maven.multiModuleProjectDirectory" value="/home/local/CONDUCTOR/thiago.freire/workspaceCards_Apoio/seleniumEasy"/>
    <property name="java.vendor.url" value="http://java.oracle.com/"/>
    <property name="path.separator" value=":"/>
    <property name="guice.disable.misplaced.annotation.check" value="true"/>
    <property name="java.vm.name" value="Java HotSpot(TM) 64-Bit Server VM"/>
    <property name="file.encoding.pkg" value="sun.io"/>
    <property name="user.country" value="BR"/>
    <property name="sun.java.launcher" value="SUN_STANDARD"/>
    <property name="sun.os.patch.level" value="unknown"/>
    <property name="java.vm.specification.name" value="Java Virtual Machine Specification"/>
    <property name="user.dir" value="/home/local/CONDUCTOR/thiago.freire/workspaceCards_Apoio/seleniumEasy"/>
    <property name="java.runtime.version" value="1.8.0_151-b12"/>
    <property name="java.awt.graphicsenv" value="sun.awt.X11GraphicsEnvironment"/>
    <property name="java.endorsed.dirs" value="/home/local/CONDUCTOR/thiago.freire/dev/programas/jdk1.8.0_151/jre/lib/endorsed"/>
    <property name="os.arch" value="amd64"/>
    <property name="java.io.tmpdir" value="/tmp"/>
    <property name="line.separator" value="&#10;"/>
    <property name="java.vm.specification.vendor" value="Oracle Corporation"/>
    <property name="os.name" value="Linux"/>
    <property name="classworlds.conf" value="/home/local/CONDUCTOR/thiago.freire/dev/programas/apache-maven-3.3.9/bin/m2.conf"/>
    <property name="sun.jnu.encoding" value="UTF-8"/>
    <property name="java.library.path" value="/usr/java/packages/lib/amd64:/usr/lib64:/lib64:/lib:/usr/lib"/>
    <property name="java.specification.name" value="Java Platform API Specification"/>
    <property name="java.class.version" value="52.0"/>
    <property name="sun.management.compiler" value="HotSpot 64-Bit Tiered Compilers"/>
    <property name="os.version" value="4.13.0-45-generic"/>
    <property name="user.home" value="/home/local/CONDUCTOR/thiago.freire"/>
    <property name="user.timezone" value="America/Fortaleza"/>
    <property name="java.awt.printerjob" value="sun.print.PSPrinterJob"/>
    <property name="file.encoding" value="UTF-8"/>
    <property name="java.specification.version" value="1.8"/>
    <property name="user.name" value="CONDUCTOR\thiago.freire"/>
    <property name="java.class.path" value="/home/local/CONDUCTOR/thiago.freire/dev/programas/apache-maven-3.3.9/boot/plexus-classworlds-2.5.2.jar"/>
    <property name="java.vm.specification.version" value="1.8"/>
    <property name="sun.arch.data.model" value="64"/>
    <property name="java.home" value="/home/local/CONDUCTOR/thiago.freire/dev/programas/jdk1.8.0_151/jre"/>
    <property name="sun.java.command" value="org.codehaus.plexus.classworlds.launcher.Launcher clean test"/>
    <property name="java.specification.vendor" value="Oracle Corporation"/>
    <property name="user.language" value="pt"/>
    <property name="awt.toolkit" value="sun.awt.X11.XToolkit"/>
    <property name="java.vm.info" value="mixed mode"/>
    <property name="java.version" value="1.8.0_151"/>
    <property name="java.ext.dirs" value="/home/local/CONDUCTOR/thiago.freire/dev/programas/jdk1.8.0_151/jre/lib/ext:/usr/java/packages/lib/ext"/>
    <property name="securerandom.source" value="file:/dev/./urandom"/>
    <property name="sun.boot.class.path" value="/home/local/CONDUCTOR/thiago.freire/dev/programas/jdk1.8.0_151/jre/lib/resources.jar:/home/local/CONDUCTOR/thiago.freire/dev/programas/jdk1.8.0_151/jre/lib/rt.jar:/home/local/CONDUCTOR/thiago.freire/dev/programas/jdk1.8.0_151/jre/lib/sunrsasign.jar:/home/local/CONDUCTOR/thiago.freire/dev/programas/jdk1.8.0_151/jre/lib/jsse.jar:/home/local/CONDUCTOR/thiago.freire/dev/programas/jdk1.8.0_151/jre/lib/jce.jar:/home/local/CONDUCTOR/thiago.freire/dev/programas/jdk1.8.0_151/jre/lib/charsets.jar:/home/local/CONDUCTOR/thiago.freire/dev/programas/jdk1.8.0_151/jre/lib/jfr.jar:/home/local/CONDUCTOR/thiago.freire/dev/programas/jdk1.8.0_151/jre/classes"/>
    <property name="java.vendor" value="Oracle Corporation"/>
    <property name="maven.home" value="/home/local/CONDUCTOR/thiago.freire/dev/programas/apache-maven-3.3.9"/>
    <property name="file.separator" value="/"/>
    <property name="java.vendor.url.bug" value="http://bugreport.sun.com/bugreport/"/>
    <property name="sun.cpu.endian" value="little"/>
    <property name="sun.io.unicode.encoding" value="UnicodeLittle"/>
    <property name="sun.desktop" value="gnome"/>
    <property name="sun.cpu.isalist" value=""/>
  </properties>
  <testcase name="realizarSomaTestDois" classname="br.com.aprendaSeleniumComThiago.test.TestSimpleBasicForm" time="15.788">
    <failure message="Soma não retornou valor correto" type="java.lang.AssertionError">java.lang.AssertionError: Soma não retornou valor correto
	at br.com.aprendaSeleniumComThiago.test.TestSimpleBasicForm.realizarSomaTestDois(TestSimpleBasicForm.java:63)
</failure>
    <system-err><![CDATA[jul 26, 2018 9:41:47 PM org.openqa.selenium.remote.DesiredCapabilities chrome
INFORMAÇÕES: Using `new ChromeOptions()` is preferred to `DesiredCapabilities.chrome()`
jul 26, 2018 9:41:50 PM org.openqa.selenium.remote.ProtocolHandshake createSession
INFORMAÇÕES: Detected dialect: OSS
]]></system-err>
  </testcase>
  <testcase name="realizarSomaTest" classname="br.com.aprendaSeleniumComThiago.test.TestSimpleBasicForm" time="15.524"/>
  <testcase name="realizarSomaTestUm" classname="br.com.aprendaSeleniumComThiago.test.TestSimpleBasicForm" time="15.094"/>
  <testcase name="realizarPrimeiroTest" classname="br.com.aprendaSeleniumComThiago.test.TestSimpleBasicForm" time="15.117"/>
  <testcase name="realizarSomaTestTres" classname="br.com.aprendaSeleniumComThiago.test.TestSimpleBasicForm" time="15.615"/>
</testsuite>